

***********************************************************************
Fatal NI connect error 12505, connecting to:
 (DESCRIPTION=(ADDRESS=(PROTOCOL=TCP)(HOST=oradev10)(PORT=10520))(CONNECT_DATA=(SID=devdb10)(CID=(PROGRAM=python)(HOST=dbsrvd297.cern.ch)(USER=pzembrzu))))

  VERSION INFORMATION:
	TNS for Linux: Version 10.2.0.4.0 - Production
	TCP/IP NT Protocol Adapter for Linux: Version 10.2.0.4.0 - Production
  Time: 14-JAN-2010 04:17:16
  Tracing not turned on.
  Tns error struct:
    ns main err code: 12564
    TNS-12564: TNS:connection refused
    ns secondary err code: 0
    nt main err code: 0
    nt secondary err code: 0
    nt OS err code: 0


***********************************************************************
Fatal NI connect error 12505, connecting to:
 (DESCRIPTION=(ADDRESS=(PROTOCOL=TCP)(HOST=oradev10.cern.ch)(PORT=10520))(CONNECT_DATA=(SID=devdb10)(CID=(PROGRAM=python)(HOST=dbsrvd297.cern.ch)(USER=pzembrzu))))

  VERSION INFORMATION:
	TNS for Linux: Version 10.2.0.4.0 - Production
	TCP/IP NT Protocol Adapter for Linux: Version 10.2.0.4.0 - Production
  Time: 14-JAN-2010 04:28:22
  Tracing not turned on.
  Tns error struct:
    ns main err code: 12564
    TNS-12564: TNS:connection refused
    ns secondary err code: 0
    nt main err code: 0
    nt secondary err code: 0
    nt OS err code: 0


***********************************************************************
Fatal NI connect error 12505, connecting to:
 (DESCRIPTION=(ADDRESS=(PROTOCOL=TCP)(HOST=oradev10.cern.ch)(PORT=10520))(CONNECT_DATA=(SID=devdb10)(CID=(PROGRAM=python)(HOST=dbsrvd297.cern.ch)(USER=pzembrzu))))

  VERSION INFORMATION:
	TNS for Linux: Version 10.2.0.4.0 - Production
	TCP/IP NT Protocol Adapter for Linux: Version 10.2.0.4.0 - Production
  Time: 14-JAN-2010 04:30:20
  Tracing not turned on.
  Tns error struct:
    ns main err code: 12564
    TNS-12564: TNS:connection refused
    ns secondary err code: 0
    nt main err code: 0
    nt secondary err code: 0
    nt OS err code: 0


***********************************************************************
Fatal NI connect error 12505, connecting to:
 (DESCRIPTION=(ADDRESS=(PROTOCOL=TCP)(HOST=oradev10.cern.ch)(PORT=10520))(CONNECT_DATA=(SID=devdb10)(CID=(PROGRAM=python)(HOST=dbsrvd297.cern.ch)(USER=pzembrzu))))

  VERSION INFORMATION:
	TNS for Linux: Version 10.2.0.4.0 - Production
	TCP/IP NT Protocol Adapter for Linux: Version 10.2.0.4.0 - Production
  Time: 14-JAN-2010 04:30:33
  Tracing not turned on.
  Tns error struct:
    ns main err code: 12564
    TNS-12564: TNS:connection refused
    ns secondary err code: 0
    nt main err code: 0
    nt secondary err code: 0
    nt OS err code: 0
